This file contains any messages produced by compilers while
running configure, to aid debugging if configure makes a mistake.

It was created by configure, which was
generated by GNU Autoconf 2.69.  Invocation command line was

  $ ./configure -with-php-config=/usr/bin/php-config -with-pdo-mysql

## --------- ##
## Platform. ##
## --------- ##

hostname = sz-svr1
uname -m = x86_64
uname -r = 3.10.0-514.26.2.el7.x86_64
uname -s = Linux
uname -v = #1 SMP Tue Jul 4 15:04:05 UTC 2017

/usr/bin/uname -p = x86_64
/bin/uname -X     = unknown

/bin/arch              = x86_64
/usr/bin/arch -k       = unknown
/usr/convex/getsysinfo = unknown
/usr/bin/hostinfo      = unknown
/bin/machine           = unknown
/usr/bin/oslevel       = unknown
/bin/universe          = unknown

PATH: /usr/local/sbin
PATH: /usr/local/bin
PATH: /usr/sbin
PATH: /usr/bin
PATH: /usr/java/jdk1.7.0_79/bin
PATH: /usr/java/jdk1.7.0_79/jre/bin
PATH: /usr/local/nginx/sbin
PATH: /root/bin


## ----------- ##
## Core tests. ##
## ----------- ##

configure:2078: checking for grep that handles long lines and -e
configure:2136: result: /usr/bin/grep
configure:2141: checking for egrep
configure:2203: result: /usr/bin/grep -E
configure:2208: checking for a sed that does not truncate output
configure:2272: result: /usr/bin/sed
configure:2406: checking for cc
configure:2422: found /usr/bin/cc
configure:2433: result: cc
configure:2464: checking for C compiler version
configure:2473: cc --version >&5
cc (GCC) 4.8.5 20150623 (Red Hat 4.8.5-28)
Copyright (C) 2015 Free Software Foundation, Inc.
This is free software; see the source for copying conditions.  There is NO
warranty; not even for MERCHANTABILITY or FITNESS FOR A PARTICULAR PURPOSE.

configure:2484: $? = 0
configure:2473: cc -v >&5
Using built-in specs.
COLLECT_GCC=cc
COLLECT_LTO_WRAPPER=/usr/libexec/gcc/x86_64-redhat-linux/4.8.5/lto-wrapper
Target: x86_64-redhat-linux
Configured with: ../configure --prefix=/usr --mandir=/usr/share/man --infodir=/usr/share/info --with-bugurl=http://bugzilla.redhat.com/bugzilla --enable-bootstrap --enable-shared --enable-threads=posix --enable-checking=release --with-system-zlib --enable-__cxa_atexit --disable-libunwind-exceptions --enable-gnu-unique-object --enable-linker-build-id --with-linker-hash-style=gnu --enable-languages=c,c++,objc,obj-c++,java,fortran,ada,go,lto --enable-plugin --enable-initfini-array --disable-libgcj --with-isl=/builddir/build/BUILD/gcc-4.8.5-20150702/obj-x86_64-redhat-linux/isl-install --with-cloog=/builddir/build/BUILD/gcc-4.8.5-20150702/obj-x86_64-redhat-linux/cloog-install --enable-gnu-indirect-function --with-tune=generic --with-arch_32=x86-64 --build=x86_64-redhat-linux
Thread model: posix
gcc version 4.8.5 20150623 (Red Hat 4.8.5-28) (GCC) 
configure:2484: $? = 0
configure:2473: cc -V >&5
cc: error: unrecognized command line option '-V'
cc: fatal error: no input files
compilation terminated.
configure:2484: $? = 4
configure:2473: cc -qversion >&5
cc: error: unrecognized command line option '-qversion'
cc: fatal error: no input files
compilation terminated.
configure:2484: $? = 4
configure:2504: checking whether the C compiler works
configure:2526: cc    conftest.c  >&5
configure:2530: $? = 0
configure:2578: result: yes
configure:2581: checking for C compiler default output file name
configure:2583: result: a.out
configure:2589: checking for suffix of executables
configure:2596: cc -o conftest    conftest.c  >&5
configure:2600: $? = 0
configure:2622: result: 
configure:2644: checking whether we are cross compiling
configure:2652: cc -o conftest    conftest.c  >&5
configure:2656: $? = 0
configure:2663: ./conftest
configure:2667: $? = 0
configure:2682: result: no
configure:2687: checking for suffix of object files
configure:2709: cc -c   conftest.c >&5
configure:2713: $? = 0
configure:2734: result: o
configure:2738: checking whether we are using the GNU C compiler
configure:2757: cc -c   conftest.c >&5
configure:2757: $? = 0
configure:2766: result: yes
configure:2775: checking whether cc accepts -g
configure:2795: cc -c -g  conftest.c >&5
configure:2795: $? = 0
configure:2836: result: yes
configure:2853: checking for cc option to accept ISO C89
configure:2916: cc  -c -g -O2  conftest.c >&5
configure:2916: $? = 0
configure:2929: result: none needed
configure:2955: checking how to run the C preprocessor
configure:2986: cc -E  conftest.c
configure:2986: $? = 0
configure:3000: cc -E  conftest.c
conftest.c:9:28: fatal error: ac_nonexistent.h: No such file or directory
 #include <ac_nonexistent.h>
                            ^
compilation terminated.
configure:3000: $? = 1
configure: failed program was:
| /* confdefs.h */
| #define PACKAGE_NAME ""
| #define PACKAGE_TARNAME ""
| #define PACKAGE_VERSION ""
| #define PACKAGE_STRING ""
| #define PACKAGE_BUGREPORT ""
| #define PACKAGE_URL ""
| /* end confdefs.h.  */
| #include <ac_nonexistent.h>
configure:3025: result: cc -E
configure:3045: cc -E  conftest.c
configure:3045: $? = 0
configure:3059: cc -E  conftest.c
conftest.c:9:28: fatal error: ac_nonexistent.h: No such file or directory
 #include <ac_nonexistent.h>
                            ^
compilation terminated.
configure:3059: $? = 1
configure: failed program was:
| /* confdefs.h */
| #define PACKAGE_NAME ""
| #define PACKAGE_TARNAME ""
| #define PACKAGE_VERSION ""
| #define PACKAGE_STRING ""
| #define PACKAGE_BUGREPORT ""
| #define PACKAGE_URL ""
| /* end confdefs.h.  */
| #include <ac_nonexistent.h>
configure:3090: checking for icc
configure:3099: result: no
configure:3113: checking for suncc
configure:3122: result: no
configure:3140: checking whether cc understands -c and -o together
configure:3168: cc -c conftest.c -o conftest2.o >&5
configure:3172: $? = 0
configure:3178: cc -c conftest.c -o conftest2.o >&5
configure:3182: $? = 0
configure:3237: result: yes
configure:3251: checking for system library directory
configure:3266: result: lib
configure:3273: checking if compiler supports -R
configure:3292: cc -o conftest -g -O2   conftest.c -R /usr/lib  >&5
cc: error: unrecognized command line option '-R'
configure:3292: $? = 1
configure: failed program was:
| /* confdefs.h */
| #define PACKAGE_NAME ""
| #define PACKAGE_TARNAME ""
| #define PACKAGE_VERSION ""
| #define PACKAGE_STRING ""
| #define PACKAGE_BUGREPORT ""
| #define PACKAGE_URL ""
| /* end confdefs.h.  */
| 
| int
| main ()
| {
| 
|   ;
|   return 0;
| }
configure:3302: result: no
configure:3307: checking if compiler supports -Wl,-rpath,
configure:3326: cc -o conftest -g -O2   conftest.c -Wl,-rpath,/usr/lib  >&5
configure:3326: $? = 0
configure:3336: result: yes
configure:3381: checking build system type
configure:3395: result: x86_64-unknown-linux-gnu
configure:3415: checking host system type
configure:3428: result: x86_64-unknown-linux-gnu
configure:3448: checking target system type
configure:3461: result: x86_64-unknown-linux-gnu
configure:3564: checking for PHP prefix
configure:3566: result: /usr
configure:3568: checking for PHP includes
configure:3570: result: -I/usr/include/php -I/usr/include/php/main -I/usr/include/php/TSRM -I/usr/include/php/Zend -I/usr/include/php/ext -I/usr/include/php/ext/date/lib
configure:3572: checking for PHP extension directory
configure:3574: result: /usr/lib64/php/modules
configure:3576: checking for PHP installed headers prefix
configure:3578: result: /usr/include/php
configure:3581: checking if debug is enabled
configure:3607: result: no
configure:3610: checking if zts is enabled
configure:3636: result: no
configure:3707: checking for re2c
configure:3737: result: no
configure:3762: WARNING: You will need re2c 0.13.4 or later if you want to regenerate PHP parsers.
configure:3776: checking for gawk
configure:3793: found /usr/bin/gawk
configure:3804: result: gawk
configure:3852: checking for MySQL support for PDO
configure:3892: result: yes, shared
configure:3903: checking for mysql_config
configure:3934: result: /usr/bin/mysql_config
configure:4247: checking for mysql_query in -lmysqlclient
configure:4272: cc -o conftest -g -O2  -Wl,-rpath,/usr/lib64/mysql -L/usr/lib64/mysql  -lmysqlclient -lz -lm -ldl -lssl -lcrypto conftest.c -lmysqlclient   -L/usr/lib64/mysql -lmysqlclient -lpthread -lz -lm -ldl -lssl -lcrypto >&5
configure:4272: $? = 0
configure:4281: result: yes
configure:4393: checking for mysql_commit
configure:4393: cc -o conftest -g -O2   conftest.c  -L/usr/lib64/mysql -lmysqlclient -lpthread -lz -lm -ldl -lssl -lcrypto >&5
configure:4393: $? = 0
configure:4393: result: yes
configure:4393: checking for mysql_stmt_prepare
configure:4393: cc -o conftest -g -O2   conftest.c  -L/usr/lib64/mysql -lmysqlclient -lpthread -lz -lm -ldl -lssl -lcrypto >&5
configure:4393: $? = 0
configure:4393: result: yes
configure:4393: checking for mysql_next_result
configure:4393: cc -o conftest -g -O2   conftest.c  -L/usr/lib64/mysql -lmysqlclient -lpthread -lz -lm -ldl -lssl -lcrypto >&5
configure:4393: $? = 0
configure:4393: result: yes
configure:4393: checking for mysql_sqlstate
configure:4393: cc -o conftest -g -O2   conftest.c  -L/usr/lib64/mysql -lmysqlclient -lpthread -lz -lm -ldl -lssl -lcrypto >&5
configure:4393: $? = 0
configure:4393: result: yes
configure:4406: checking for PDO includes
configure:4412: checking for PDO includes
configure:4423: result: /usr/include/php/ext
configure:4819: checking how to print strings
configure:4846: result: printf
configure:4867: checking for a sed that does not truncate output
configure:4931: result: /usr/bin/sed
configure:4949: checking for fgrep
configure:5011: result: /usr/bin/grep -F
configure:5046: checking for ld used by cc
configure:5113: result: /usr/bin/ld
configure:5120: checking if the linker (/usr/bin/ld) is GNU ld
configure:5135: result: yes
configure:5147: checking for BSD- or MS-compatible name lister (nm)
configure:5196: result: /usr/bin/nm -B
configure:5326: checking the name lister (/usr/bin/nm -B) interface
configure:5333: cc -c -g -O2  conftest.c >&5
configure:5336: /usr/bin/nm -B "conftest.o"
configure:5339: output
0000000000000000 B some_variable
configure:5346: result: BSD nm
configure:5349: checking whether ln -s works
configure:5353: result: yes
configure:5361: checking the maximum length of command line arguments
configure:5491: result: 1572864
configure:5508: checking whether the shell understands some XSI constructs
configure:5518: result: yes
configure:5522: checking whether the shell understands "+="
configure:5528: result: yes
configure:5563: checking how to convert x86_64-unknown-linux-gnu file names to x86_64-unknown-linux-gnu format
configure:5603: result: func_convert_file_noop
configure:5610: checking how to convert x86_64-unknown-linux-gnu file names to toolchain format
configure:5630: result: func_convert_file_noop
configure:5637: checking for /usr/bin/ld option to reload object files
configure:5644: result: -r
configure:5718: checking for objdump
configure:5734: found /usr/bin/objdump
configure:5745: result: objdump
configure:5777: checking how to recognize dependent libraries
configure:5979: result: pass_all
configure:6064: checking for dlltool
configure:6094: result: no
configure:6124: checking how to associate runtime and link libraries
configure:6151: result: printf %s\n
configure:6211: checking for ar
configure:6227: found /usr/bin/ar
configure:6238: result: ar
configure:6275: checking for archiver @FILE support
configure:6292: cc -c -g -O2  conftest.c >&5
configure:6292: $? = 0
configure:6295: ar cru libconftest.a @conftest.lst >&5
configure:6298: $? = 0
configure:6303: ar cru libconftest.a @conftest.lst >&5
ar: conftest.o: No such file or directory
configure:6306: $? = 1
configure:6318: result: @
configure:6376: checking for strip
configure:6392: found /usr/bin/strip
configure:6403: result: strip
configure:6475: checking for ranlib
configure:6491: found /usr/bin/ranlib
configure:6502: result: ranlib
configure:6579: checking for gawk
configure:6606: result: gawk
configure:6646: checking command to parse /usr/bin/nm -B output from cc object
configure:6766: cc -c -g -O2  conftest.c >&5
configure:6769: $? = 0
configure:6773: /usr/bin/nm -B conftest.o \| sed -n -e 's/^.*[ ]\([ABCDGIRSTW][ABCDGIRSTW]*\)[ ][ ]*\([_A-Za-z][_A-Za-z0-9]*\)$/\1 \2 \2/p' | sed '/ __gnu_lto/d' \> conftest.nm
configure:6776: $? = 0
configure:6842: cc -o conftest -g -O2   conftest.c conftstm.o >&5
configure:6845: $? = 0
configure:6883: result: ok
configure:6920: checking for sysroot
configure:6950: result: no
configure:7027: cc -c -g -O2  conftest.c >&5
configure:7030: $? = 0
configure:7206: checking for mt
configure:7236: result: no
configure:7256: checking if : is a manifest tool
configure:7262: : '-?'
configure:7270: result: no
configure:7907: checking for ANSI C header files
configure:7927: cc -c -g -O2  conftest.c >&5
configure:7927: $? = 0
configure:8000: cc -o conftest -g -O2   conftest.c  >&5
configure:8000: $? = 0
configure:8000: ./conftest
configure:8000: $? = 0
configure:8011: result: yes
configure:8024: checking for sys/types.h
configure:8024: cc -c -g -O2  conftest.c >&5
configure:8024: $? = 0
configure:8024: result: yes
configure:8024: checking for sys/stat.h
configure:8024: cc -c -g -O2  conftest.c >&5
configure:8024: $? = 0
configure:8024: result: yes
configure:8024: checking for stdlib.h
configure:8024: cc -c -g -O2  conftest.c >&5
configure:8024: $? = 0
configure:8024: result: yes
configure:8024: checking for string.h
configure:8024: cc -c -g -O2  conftest.c >&5
configure:8024: $? = 0
configure:8024: result: yes
configure:8024: checking for memory.h
configure:8024: cc -c -g -O2  conftest.c >&5
configure:8024: $? = 0
configure:8024: result: yes
configure:8024: checking for strings.h
configure:8024: cc -c -g -O2  conftest.c >&5
configure:8024: $? = 0
configure:8024: result: yes
configure:8024: checking for inttypes.h
configure:8024: cc -c -g -O2  conftest.c >&5
configure:8024: $? = 0
configure:8024: result: yes
configure:8024: checking for stdint.h
configure:8024: cc -c -g -O2  conftest.c >&5
configure:8024: $? = 0
configure:8024: result: yes
configure:8024: checking for unistd.h
configure:8024: cc -c -g -O2  conftest.c >&5
configure:8024: $? = 0
configure:8024: result: yes
configure:8038: checking for dlfcn.h
configure:8038: cc -c -g -O2  conftest.c >&5
configure:8038: $? = 0
configure:8038: result: yes
configure:8244: checking for objdir
configure:8259: result: .libs
configure:8530: checking if cc supports -fno-rtti -fno-exceptions
configure:8548: cc -c -g -O2  -fno-rtti -fno-exceptions conftest.c >&5
cc1: warning: command line option '-fno-rtti' is valid for C++/ObjC++ but not for C [enabled by default]
configure:8552: $? = 0
configure:8565: result: no
configure:8892: checking for cc option to produce PIC
configure:8899: result: -fPIC -DPIC
configure:8907: checking if cc PIC flag -fPIC -DPIC works
configure:8925: cc -c -g -O2  -fPIC -DPIC -DPIC conftest.c >&5
configure:8929: $? = 0
configure:8942: result: yes
configure:8971: checking if cc static flag -static works
configure:8999: result: no
configure:9014: checking if cc supports -c -o file.o
configure:9035: cc -c -g -O2  -o out/conftest2.o conftest.c >&5
configure:9039: $? = 0
configure:9061: result: yes
configure:9069: checking if cc supports -c -o file.o
configure:9116: result: yes
configure:9149: checking whether the cc linker (/usr/bin/ld -m elf_x86_64) supports shared libraries
configure:10302: result: yes
configure:10339: checking whether -lc should be explicitly linked in
configure:10347: cc -c -g -O2  conftest.c >&5
configure:10350: $? = 0
configure:10365: cc -shared  -fPIC -DPIC conftest.o  -v -Wl,-soname -Wl,conftest -o conftest 2\>\&1 \| /usr/bin/grep  -lc  \>/dev/null 2\>\&1
configure:10368: $? = 0
configure:10382: result: no
configure:10542: checking dynamic linker characteristics
configure:11053: cc -o conftest -g -O2   -Wl,-rpath -Wl,/foo conftest.c  >&5
configure:11053: $? = 0
configure:11279: result: GNU/Linux ld.so
configure:11386: checking how to hardcode library paths into programs
configure:11411: result: immediate
configure:11951: checking whether stripping libraries is possible
configure:11956: result: yes
configure:11991: checking if libtool supports shared libraries
configure:11993: result: yes
configure:11996: checking whether to build shared libraries
configure:12017: result: yes
configure:12020: checking whether to build static libraries
configure:12024: result: no
configure:12300: creating ./config.status

## ---------------------- ##
## Running config.status. ##
## ---------------------- ##

This file was extended by config.status, which was
generated by GNU Autoconf 2.69.  Invocation command line was

  CONFIG_FILES    = 
  CONFIG_HEADERS  = 
  CONFIG_LINKS    = 
  CONFIG_COMMANDS = 
  $ ./config.status 

on sz-svr1

config.status:892: creating config.h
config.status:996: executing libtool commands

## ---------------- ##
## Cache variables. ##
## ---------------- ##

ac_cv_build=x86_64-unknown-linux-gnu
ac_cv_c_compiler_gnu=yes
ac_cv_env_CC_set=
ac_cv_env_CC_value=
ac_cv_env_CFLAGS_set=
ac_cv_env_CFLAGS_value=
ac_cv_env_CPPFLAGS_set=
ac_cv_env_CPPFLAGS_value=
ac_cv_env_CPP_set=
ac_cv_env_CPP_value=
ac_cv_env_LDFLAGS_set=
ac_cv_env_LDFLAGS_value=
ac_cv_env_LIBS_set=
ac_cv_env_LIBS_value=
ac_cv_env_build_alias_set=
ac_cv_env_build_alias_value=
ac_cv_env_host_alias_set=
ac_cv_env_host_alias_value=
ac_cv_env_target_alias_set=
ac_cv_env_target_alias_value=
ac_cv_func_mysql_commit=yes
ac_cv_func_mysql_next_result=yes
ac_cv_func_mysql_sqlstate=yes
ac_cv_func_mysql_stmt_prepare=yes
ac_cv_header_dlfcn_h=yes
ac_cv_header_inttypes_h=yes
ac_cv_header_memory_h=yes
ac_cv_header_stdc=yes
ac_cv_header_stdint_h=yes
ac_cv_header_stdlib_h=yes
ac_cv_header_string_h=yes
ac_cv_header_strings_h=yes
ac_cv_header_sys_stat_h=yes
ac_cv_header_sys_types_h=yes
ac_cv_header_unistd_h=yes
ac_cv_host=x86_64-unknown-linux-gnu
ac_cv_lib_mysqlclient_mysql_query=yes
ac_cv_objext=o
ac_cv_path_EGREP='/usr/bin/grep -E'
ac_cv_path_FGREP='/usr/bin/grep -F'
ac_cv_path_GREP=/usr/bin/grep
ac_cv_path_SED=/usr/bin/sed
ac_cv_prog_AWK=gawk
ac_cv_prog_CPP='cc -E'
ac_cv_prog_ac_ct_AR=ar
ac_cv_prog_ac_ct_CC=cc
ac_cv_prog_ac_ct_OBJDUMP=objdump
ac_cv_prog_ac_ct_RANLIB=ranlib
ac_cv_prog_ac_ct_STRIP=strip
ac_cv_prog_cc_c89=
ac_cv_prog_cc_cc_c_o=yes
ac_cv_prog_cc_g=yes
ac_cv_target=x86_64-unknown-linux-gnu
lt_cv_ar_at_file=@
lt_cv_archive_cmds_need_lc=no
lt_cv_deplibs_check_method=pass_all
lt_cv_file_magic_cmd='$MAGIC_CMD'
lt_cv_file_magic_test_file=
lt_cv_ld_reload_flag=-r
lt_cv_nm_interface='BSD nm'
lt_cv_objdir=.libs
lt_cv_path_LD=/usr/bin/ld
lt_cv_path_NM='/usr/bin/nm -B'
lt_cv_path_mainfest_tool=no
lt_cv_prog_compiler_c_o=yes
lt_cv_prog_compiler_pic='-fPIC -DPIC'
lt_cv_prog_compiler_pic_works=yes
lt_cv_prog_compiler_rtti_exceptions=no
lt_cv_prog_compiler_static_works=no
lt_cv_prog_gnu_ld=yes
lt_cv_sharedlib_from_linklib_cmd='printf %s\n'
lt_cv_shlibpath_overrides_runpath=no
lt_cv_sys_global_symbol_pipe='sed -n -e '\''s/^.*[	 ]\([ABCDGIRSTW][ABCDGIRSTW]*\)[	 ][	 ]*\([_A-Za-z][_A-Za-z0-9]*\)$/\1 \2 \2/p'\'' | sed '\''/ __gnu_lto/d'\'''
lt_cv_sys_global_symbol_to_c_name_address='sed -n -e '\''s/^: \([^ ]*\)[ ]*$/  {\"\1\", (void *) 0},/p'\'' -e '\''s/^[ABCDGIRSTW]* \([^ ]*\) \([^ ]*\)$/  {"\2", (void *) \&\2},/p'\'''
lt_cv_sys_global_symbol_to_c_name_address_lib_prefix='sed -n -e '\''s/^: \([^ ]*\)[ ]*$/  {\"\1\", (void *) 0},/p'\'' -e '\''s/^[ABCDGIRSTW]* \([^ ]*\) \(lib[^ ]*\)$/  {"\2", (void *) \&\2},/p'\'' -e '\''s/^[ABCDGIRSTW]* \([^ ]*\) \([^ ]*\)$/  {"lib\2", (void *) \&\2},/p'\'''
lt_cv_sys_global_symbol_to_cdecl='sed -n -e '\''s/^T .* \(.*\)$/extern int \1();/p'\'' -e '\''s/^[ABCDGIRSTW]* .* \(.*\)$/extern char \1;/p'\'''
lt_cv_sys_max_cmd_len=1572864
lt_cv_to_host_file_cmd=func_convert_file_noop
lt_cv_to_tool_file_cmd=func_convert_file_noop
pdo_cv_inc_path=/usr/include/php/ext
php_cv_cc_dashr=no
php_cv_cc_rpath=yes

## ----------------- ##
## Output variables. ##
## ----------------- ##

AR='ar'
AWK='gawk'
CC='cc'
CFLAGS='-g -O2'
CONFIGURE_COMMAND=' '\''./configure'\'' '
CONFIGURE_OPTIONS=''
CPP='cc -E'
CPPFLAGS=' -DHAVE_CONFIG_H'
DEFS='-DHAVE_CONFIG_H'
DLLTOOL='false'
DSYMUTIL=''
DUMPBIN=''
ECHO_C=''
ECHO_N='-n'
ECHO_T=''
EGREP='/usr/bin/grep -E'
EXEEXT=''
FGREP='/usr/bin/grep -F'
GREP='/usr/bin/grep'
LD='/usr/bin/ld -m elf_x86_64'
LDFLAGS=''
LIBOBJS=''
LIBS=''
LIBTOOL='$(SHELL) $(top_builddir)/libtool'
LIPO=''
LN_S='ln -s'
LTLIBOBJS=''
MANIFEST_TOOL=':'
NM='/usr/bin/nm -B'
NMEDIT=''
OBJDUMP='objdump'
OBJEXT='o'
OTOOL64=''
OTOOL=''
PACKAGE_BUGREPORT=''
PACKAGE_NAME=''
PACKAGE_STRING=''
PACKAGE_TARNAME=''
PACKAGE_URL=''
PACKAGE_VERSION=''
PATH_SEPARATOR=':'
PDO_MYSQL_MODULE_TYPE='external'
RANLIB='ranlib'
RE2C='exit 0;'
SED='/usr/bin/sed'
SHELL='/bin/sh'
SHLIB_DL_SUFFIX_NAME='so'
SHLIB_SUFFIX_NAME='so'
STRIP='strip'
ac_ct_AR='ar'
ac_ct_CC='cc'
ac_ct_DUMPBIN=''
bindir='${exec_prefix}/bin'
build='x86_64-unknown-linux-gnu'
build_alias=''
build_cpu='x86_64'
build_os='linux-gnu'
build_vendor='unknown'
datadir='${datarootdir}'
datarootdir='${prefix}/share'
docdir='${datarootdir}/doc/${PACKAGE}'
dvidir='${docdir}'
exec_prefix='$(prefix)'
host='x86_64-unknown-linux-gnu'
host_alias='x86_64-unknown-linux-gnu'
host_cpu='x86_64'
host_os='linux-gnu'
host_vendor='unknown'
htmldir='${docdir}'
includedir='${prefix}/include'
infodir='${datarootdir}/info'
libdir='${exec_prefix}/lib'
libexecdir='${exec_prefix}/libexec'
localedir='${datarootdir}/locale'
localstatedir='${prefix}/var'
mandir='${datarootdir}/man'
oldincludedir='/usr/include'
pdfdir='${docdir}'
prefix='/usr'
program_transform_name='s,x,x,'
psdir='${docdir}'
sbindir='${exec_prefix}/sbin'
sharedstatedir='${prefix}/com'
sysconfdir='${prefix}/etc'
target='x86_64-unknown-linux-gnu'
target_alias=''
target_cpu='x86_64'
target_os='linux-gnu'
target_vendor='unknown'

## ----------- ##
## confdefs.h. ##
## ----------- ##

/* confdefs.h */
#define PACKAGE_NAME ""
#define PACKAGE_TARNAME ""
#define PACKAGE_VERSION ""
#define PACKAGE_STRING ""
#define PACKAGE_BUGREPORT ""
#define PACKAGE_URL ""
#define HAVE_MYSQL 1
#define PDO_MYSQL_UNIX_ADDR "/var/lib/mysql/mysql.sock"
#define HAVE_MYSQL_COMMIT 1
#define HAVE_MYSQL_STMT_PREPARE 1
#define HAVE_MYSQL_NEXT_RESULT 1
#define HAVE_MYSQL_SQLSTATE 1
#define COMPILE_DL_PDO_MYSQL 1
#define STDC_HEADERS 1
#define HAVE_SYS_TYPES_H 1
#define HAVE_SYS_STAT_H 1
#define HAVE_STDLIB_H 1
#define HAVE_STRING_H 1
#define HAVE_MEMORY_H 1
#define HAVE_STRINGS_H 1
#define HAVE_INTTYPES_H 1
#define HAVE_STDINT_H 1
#define HAVE_UNISTD_H 1
#define HAVE_DLFCN_H 1
#define LT_OBJDIR ".libs/"

configure: exit 0
